abyssinica-fonts-1.0-5.1.el6.noarch
acl-2.2.49-6.el6.x86_64
acpid-1.0.10-2.1.el6.x86_64
aic94xx-firmware-30-2.el6.noarch
alsa-lib-1.0.22-3.el6.x86_64
alsa-lib-devel-1.0.22-3.el6.x86_64
alsa-plugins-pulseaudio-1.0.21-3.el6.x86_64
alsa-utils-1.0.22-7.el6.x86_64
ant-1.7.1-13.el6.x86_64
ant-antlr-1.7.1-13.el6.x86_64
ant-apache-bcel-1.7.1-13.el6.x86_64
ant-apache-bsf-1.7.1-13.el6.x86_64
ant-apache-log4j-1.7.1-13.el6.x86_64
ant-apache-oro-1.7.1-13.el6.x86_64
ant-apache-regexp-1.7.1-13.el6.x86_64
ant-apache-resolver-1.7.1-13.el6.x86_64
ant-commons-logging-1.7.1-13.el6.x86_64
ant-commons-net-1.7.1-13.el6.x86_64
anthy-9100h-10.1.el6.x86_64
ant-javamail-1.7.1-13.el6.x86_64
ant-jdepend-1.7.1-13.el6.x86_64
ant-jsch-1.7.1-13.el6.x86_64
ant-junit-1.7.1-13.el6.x86_64
antlr-2.7.7-6.5.el6.x86_64
ant-nodeps-1.7.1-13.el6.x86_64
ant-swing-1.7.1-13.el6.x86_64
ant-trax-1.7.1-13.el6.x86_64
apache-jasper-5.5.28-3.el6.noarch
apache-tomcat-apis-0.1-1.el6.noarch
apr-1.3.9-5.el6_2.x86_64
apr-util-1.3.9-3.el6_0.1.x86_64
apr-util-ldap-1.3.9-3.el6_0.1.x86_64
asciidoc-8.4.5-4.1.el6.noarch
at-3.1.10-44.el6_6.2.x86_64
atk-1.30.0-1.el6.x86_64
atk-devel-1.30.0-1.el6.x86_64
atlas-3.8.4-2.el6.x86_64
atmel-firmware-1.3-7.el6.noarch
at-spi-1.28.1-2.el6.x86_64
at-spi-python-1.28.1-2.el6.x86_64
attr-2.4.44-7.el6.x86_64
audit-2.3.7-5.el6.x86_64
audit-libs-2.3.7-5.el6.x86_64
audit-libs-devel-2.3.7-5.el6.x86_64
augeas-libs-1.0.0-7.el6.x86_64
authconfig-6.1.12-19.el6.x86_64
authconfig-gtk-6.1.12-19.el6.x86_64
autoconf-2.63-5.1.el6.noarch
autofs-5.0.5-109.el6.x86_64
automake-1.11.1-4.el6.noarch
avahi-autoipd-0.6.25-15.el6.x86_64
avahi-glib-0.6.25-15.el6.x86_64
avahi-libs-0.6.25-15.el6.x86_64
avahi-ui-0.6.25-15.el6.x86_64
avalon-framework-4.1.4-7.el6.x86_64
axis-1.2.1-7.5.el6_5.noarch
b43-fwcutter-012-2.2.el6.x86_64
b43-openfwwf-5.2-4.el6.noarch
babl-0.1.2-4.el6.x86_64
basesystem-10.0-4.el6.noarch
bash-4.1.2-29.el6.x86_64
batik-1.7-8.5.el6.x86_64
bc-1.06.95-1.el6.x86_64
bcel-5.2-7.2.el6.x86_64
bfa-firmware-3.2.21.1-2.el6.noarch
bind-libs-9.8.2-0.30.rc1.el6.x86_64
bind-utils-9.8.2-0.30.rc1.el6.x86_64
binutils-2.20.51.0.2-5.42.el6.x86_64
binutils-devel-2.20.51.0.2-5.42.el6.x86_64
biosdevname-0.5.1-1.el6.x86_64
bison-2.4.1-5.el6.x86_64
blas-3.2.1-4.el6.x86_64
blas-devel-3.2.1-4.el6.x86_64
blktrace-1.0.1-6.el6.x86_64
bluez-4.66-1.el6.x86_64
bluez-libs-4.66-1.el6.x86_64
boost-1.41.0-25.el6.x86_64
boost-date-time-1.41.0-25.el6.x86_64
boost-devel-1.41.0-25.el6.x86_64
boost-filesystem-1.41.0-25.el6.x86_64
boost-graph-1.41.0-25.el6.x86_64
boost-iostreams-1.41.0-25.el6.x86_64
boost-math-1.41.0-25.el6.x86_64
boost-program-options-1.41.0-25.el6.x86_64
boost-python-1.41.0-25.el6.x86_64
boost-regex-1.41.0-25.el6.x86_64
boost-serialization-1.41.0-25.el6.x86_64
boost-signals-1.41.0-25.el6.x86_64
boost-system-1.41.0-25.el6.x86_64
boost-test-1.41.0-25.el6.x86_64
boost-thread-1.41.0-25.el6.x86_64
boost-wave-1.41.0-25.el6.x86_64
brasero-2.28.3-6.el6.x86_64
brasero-libs-2.28.3-6.el6.x86_64
brasero-nautilus-2.28.3-6.el6.x86_64
bridge-utils-1.2-10.el6.x86_64
bsf-2.4.0-4.1.el6.noarch
btparser-0.17-2.el6.x86_64
busybox-1.15.1-20.el6.x86_64
byacc-1.9.20070509-7.el6.x86_64
bzip2-1.0.5-7.el6_0.x86_64
bzip2-devel-1.0.5-7.el6_0.x86_64
bzip2-libs-1.0.5-7.el6_0.x86_64
c2050-0.3b-3.1.el6.x86_64
c2070-0.99-7.el6.x86_64
ca-certificates-2014.1.98-65.1.el6.noarch
cairo-1.8.8-3.1.el6.x86_64
cairo-devel-1.8.8-3.1.el6.x86_64
cairomm-1.8.0-2.1.el6.x86_64
c-ares-1.10.0-3.el6.x86_64
cas-0.15-1.el6.1.noarch
cdparanoia-10.2-5.1.el6.x86_64
cdparanoia-libs-10.2-5.1.el6.x86_64
cdrdao-1.2.3-4.el6.x86_64
celt051-0.5.1.3-0.el6.x86_64
certmonger-0.75.13-1.el6.x86_64
check-0.9.8-1.1.el6.x86_64
check-devel-0.9.8-1.1.el6.x86_64
checkpolicy-2.0.22-1.el6.x86_64
cheese-2.28.1-8.el6.x86_64
chkconfig-1.3.49.3-2.el6_4.1.x86_64
cifs-utils-4.8.1-19.el6.x86_64
cjet-0.8.9-9.1.el6.x86_64
cjkuni-fonts-common-0.2.20080216.1-36.el6.noarch
cjkuni-uming-fonts-0.2.20080216.1-36.el6.noarch
classpathx-jaf-1.0-15.4.el6.x86_64
classpathx-mail-1.1.1-9.4.el6.noarch
cloog-ppl-0.15.7-1.2.el6.x86_64
compiz-0.8.2-24.el6.x86_64
compiz-gnome-0.8.2-24.el6.x86_64
comps-extras-17.8-1.el6.noarch
ConsoleKit-0.4.1-3.el6.x86_64
ConsoleKit-libs-0.4.1-3.el6.x86_64
ConsoleKit-x11-0.4.1-3.el6.x86_64
control-center-2.28.1-39.el6.x86_64
control-center-extra-2.28.1-39.el6.x86_64
control-center-filesystem-2.28.1-39.el6.x86_64
coreutils-8.4-37.el6.x86_64
coreutils-libs-8.4-37.el6.x86_64
cpio-2.10-12.el6_5.x86_64
cpp-4.4.7-11.el6.x86_64
cpuspeed-1.5-20.el6_4.x86_64
cracklib-2.8.16-4.el6.x86_64
cracklib-dicts-2.8.16-4.el6.x86_64
cracklib-python-2.8.16-4.el6.x86_64
crash-6.1.0-5.el6.x86_64
crash-trace-command-1.0-5.el6.x86_64
crda-1.1.3_2014.06.13-1.el6.x86_64
cronie-1.4.4-12.el6.x86_64
cronie-anacron-1.4.4-12.el6.x86_64
crontabs-1.10-33.el6.noarch
cryptsetup-luks-1.2.0-11.el6.x86_64
cryptsetup-luks-libs-1.2.0-11.el6.x86_64
cscope-15.6-6.el6.x86_64
ctags-5.8-2.el6.x86_64
ctan-cm-lgc-fonts-common-0.5-17.1.el6.noarch
ctan-cm-lgc-roman-fonts-0.5-17.1.el6.noarch
ctan-cm-lgc-sans-fonts-0.5-17.1.el6.noarch
ctan-cm-lgc-typewriter-fonts-0.5-17.1.el6.noarch
cups-1.4.2-67.el6.x86_64
cups-libs-1.4.2-67.el6.x86_64
cups-pk-helper-0.0.4-12.el6.x86_64
curl-7.19.7-37.el6_5.3.x86_64
cvs-1.11.23-16.el6.x86_64
cyrus-sasl-2.1.23-15.el6.x86_64
cyrus-sasl-devel-2.1.23-15.el6.x86_64
cyrus-sasl-gssapi-2.1.23-15.el6.x86_64
cyrus-sasl-lib-2.1.23-15.el6.x86_64
cyrus-sasl-md5-2.1.23-15.el6.x86_64
cyrus-sasl-plain-2.1.23-15.el6.x86_64
dash-0.5.5.1-4.el6.x86_64
db4-4.7.25-18.el6_4.x86_64
db4-cxx-4.7.25-18.el6_4.x86_64
db4-devel-4.7.25-18.el6_4.x86_64
db4-utils-4.7.25-18.el6_4.x86_64
dbus-1.2.24-7.el6_3.x86_64
dbus-c++-0.5.0-0.10.20090203git13281b3.1.el6.x86_64
dbus-devel-1.2.24-7.el6_3.x86_64
dbus-glib-0.86-6.el6_4.x86_64
dbus-glib-devel-0.86-6.el6_4.x86_64
dbus-libs-1.2.24-7.el6_3.x86_64
dbus-python-0.83.0-6.1.el6.x86_64
dbus-x11-1.2.24-7.el6_3.x86_64
dejavu-fonts-common-2.30-2.el6.noarch
dejavu-sans-fonts-2.30-2.el6.noarch
dejavu-sans-mono-fonts-2.30-2.el6.noarch
dejavu-serif-fonts-2.30-2.el6.noarch
desktop-effects-0.8.4-7.el6.x86_64
desktop-file-utils-0.15-9.el6.x86_64
DeviceKit-power-014-3.el6.x86_64
device-mapper-1.02.90-2.el6.x86_64
device-mapper-event-1.02.90-2.el6.x86_64
device-mapper-event-libs-1.02.90-2.el6.x86_64
device-mapper-libs-1.02.90-2.el6.x86_64
device-mapper-persistent-data-0.3.2-1.el6.x86_64
dhclient-4.1.1-43.P1.el6.x86_64
dhcp-common-4.1.1-43.P1.el6.x86_64
diffstat-1.51-2.el6.x86_64
diffutils-2.8.1-28.el6.x86_64
ding-libs-debuginfo-0.4.0-11.el6.x86_64
dmidecode-2.12-5.el6_5.x86_64
dmraid-1.0.0.rc16-11.el6.x86_64
dmraid-events-1.0.0.rc16-11.el6.x86_64
dmz-cursor-themes-0.4-4.el6.noarch
dnsmasq-2.48-14.el6.x86_64
docbook5-schemas-5.0-4.1.el6.noarch
docbook5-style-xsl-1.75.2-4.el6.noarch
docbook-dtds-1.0-51.el6.noarch
docbook-simple-1.1-8.el6.noarch
docbook-slides-3.4.0-9.el6.noarch
docbook-style-dsssl-1.79-10.el6.noarch
docbook-style-xsl-1.75.2-6.el6.noarch
docbook-utils-0.6.14-25.el6.noarch
dosfstools-3.0.9-4.el6.x86_64
doxygen-1.6.1-6.el6.x86_64
dracut-004-356.el6.noarch
dracut-kernel-004-356.el6.noarch
dstat-0.7.0-1.el6.noarch
dvd+rw-tools-7.1-6.el6.x86_64
e2fsprogs-1.41.12-21.el6.x86_64
e2fsprogs-libs-1.41.12-21.el6.x86_64
ebtables-2.0.9-6.el6.x86_64
ecj-3.4.2-6.el6.x86_64
eclipse-birt-2.6.0-1.1.el6.x86_64
eclipse-callgraph-0.6.1-1.el6.x86_64
eclipse-cdt-7.0.1-4.el6.x86_64
eclipse-changelog-2.7.0-1.el6.x86_64
eclipse-dtp-1.8.1-1.1.el6.x86_64
eclipse-emf-2.6.0-1.el6.x86_64
eclipse-gef-3.6.1-3.el6.x86_64
eclipse-jdt-3.6.1-6.13.el6.x86_64
eclipse-linuxprofilingframework-0.6.1-1.el6.x86_64
eclipse-mylyn-3.4.2-9.el6.x86_64
eclipse-mylyn-java-3.4.2-9.el6.x86_64
eclipse-nls-3.6.0.v20120721114722-2.el6.x86_64
eclipse-nls-de-3.6.0.v20120721114722-2.el6.x86_64
eclipse-oprofile-0.6.1-1.el6.x86_64
eclipse-pde-3.6.1-6.13.el6.x86_64
eclipse-platform-3.6.1-6.13.el6.x86_64
eclipse-rcp-3.6.1-6.13.el6.x86_64
eclipse-rpm-editor-0.5.0-2.el6.x86_64
eclipse-rse-3.2-1.el6.x86_64
eclipse-subclipse-1.6.5-6.el6.x86_64
eclipse-svnkit-1.3.0-3.el6.x86_64
eclipse-swt-3.6.1-6.13.el6.x86_64
eclipse-valgrind-0.6.1-1.el6.x86_64
ed-1.1-3.3.el6.x86_64
efibootmgr-0.5.4-12.el6.x86_64
eggdbus-0.6-3.el6.x86_64
eject-2.1.5-17.el6.x86_64
elfutils-0.158-3.2.el6.x86_64
elfutils-devel-0.158-3.2.el6.x86_64
elfutils-libelf-0.158-3.2.el6.x86_64
elfutils-libelf-devel-0.158-3.2.el6.x86_64
elfutils-libs-0.158-3.2.el6.x86_64
emacs-23.1-25.el6.x86_64
emacs-common-23.1-25.el6.x86_64
enchant-1.5.0-4.el6.x86_64
enscript-1.6.4-15.el6.x86_64
environment-modules-3.2.10-1.el6_5.x86_64
eog-2.28.2-4.el6.x86_64
epel-release-6-8.noarch
ethtool-3.5-5.el6.x86_64
evince-2.28.2-14.el6_0.1.x86_64
evince-dvi-2.28.2-14.el6_0.1.x86_64
evince-libs-2.28.2-14.el6_0.1.x86_64
evolution-data-server-2.32.3-21.el6.x86_64
evolution-data-server-devel-2.32.3-21.el6.x86_64
exempi-2.1.0-5.el6.x86_64
expat-2.0.1-11.el6_2.x86_64
fakeroot-1.12.2-22.2.el6.x86_64
fakeroot-libs-1.12.2-22.2.el6.x86_64
festival-1.96-18.el6.x86_64
festival-lib-1.96-18.el6.x86_64
festival-speechtools-libs-1.2.96-18.el6.x86_64
festvox-slt-arctic-hts-0.20061229-18.el6.noarch
file-5.04-21.el6.x86_64
file-libs-5.04-21.el6.x86_64
file-roller-2.28.2-7.el6.x86_64
filesystem-2.4.30-3.el6.x86_64
findutils-4.4.2-6.el6.x86_64
fipscheck-1.2.0-7.el6.x86_64
fipscheck-lib-1.2.0-7.el6.x86_64
firefox-31.2.0-3.el6_6.x86_64
firstboot-1.110.15-1.el6.x86_64
flac-1.2.1-6.1.el6.x86_64
flex-2.5.35-9.el6.x86_64
fontconfig-2.8.0-5.el6.x86_64
fontconfig-devel-2.8.0-5.el6.x86_64
fontpackages-filesystem-1.41-1.1.el6.noarch
foomatic-4.0.4-3.el6.x86_64
foomatic-db-4.0-7.20091126.el6.noarch
foomatic-db-filesystem-4.0-7.20091126.el6.noarch
foomatic-db-ppds-4.0-7.20091126.el6.noarch
fop-0.95-4.2.el6.x86_64
fprintd-0.1-21.git04fd09cfa.el6.x86_64
fprintd-pam-0.1-21.git04fd09cfa.el6.x86_64
freetype-2.3.11-14.el6_3.1.x86_64
freetype-devel-2.3.11-14.el6_3.1.x86_64
fuse-2.8.3-4.el6.x86_64
fuse-libs-2.8.3-4.el6.x86_64
gamin-0.1.10-9.el6.x86_64
gamin-python-0.1.10-9.el6.x86_64
gawk-3.1.7-10.el6.x86_64
gcalctool-5.28.2-3.el6.x86_64
gcc-4.4.7-11.el6.x86_64
gcc-c++-4.4.7-11.el6.x86_64
gcc-debuginfo-4.4.7-11.el6.x86_64
gcc-gfortran-4.4.7-11.el6.x86_64
GConf2-2.28.0-6.el6.x86_64
GConf2-devel-2.28.0-6.el6.x86_64
GConf2-gtk-2.28.0-6.el6.x86_64
gconfmm26-2.28.0-1.el6.x86_64
gd-2.0.35-11.el6.x86_64
gdb-7.2-75.el6.x86_64
gdbm-1.8.0-36.el6.x86_64
gdbm-devel-1.8.0-36.el6.x86_64
gdk-pixbuf2-2.24.1-5.el6.x86_64
gdk-pixbuf2-devel-2.24.1-5.el6.x86_64
gdm-2.30.4-64.el6.x86_64
gdm-libs-2.30.4-64.el6.x86_64
gdm-plugin-fingerprint-2.30.4-64.el6.x86_64
gdm-user-switch-applet-2.30.4-64.el6.x86_64
geany-1.24.1-1.el6.x86_64
gedit-2.28.4-3.el6.x86_64
gegl-0.1.2-5.el6.x86_64
genisoimage-1.1.9-12.el6.x86_64
geoclue-0.11.1.1-0.13.20091026git73b6729.el6.x86_64
geronimo-specs-1.0-3.5.M2.el6.noarch
geronimo-specs-compat-1.0-3.5.M2.el6.noarch
gettext-0.17-18.el6.x86_64
gettext-devel-0.17-18.el6.x86_64
gettext-libs-0.17-18.el6.x86_64
ghostscript-8.70-19.el6.x86_64
ghostscript-fonts-5.50-23.2.el6.noarch
giflib-4.1.6-3.1.el6.x86_64
gimp-2.6.9-7.el6.x86_64
gimp-data-extras-2.0.2-3.1.el6.noarch
gimp-help-2.4.2-5.1.el6.noarch
gimp-help-browser-2.6.9-7.el6.x86_64
gimp-libs-2.6.9-7.el6.x86_64
git-1.7.1-3.el6_4.1.x86_64
glib2-2.28.8-4.el6.x86_64
glib2-devel-2.28.8-4.el6.x86_64
glibc-2.12-1.149.el6.x86_64
glibc-common-2.12-1.149.el6.x86_64
glibc-debuginfo-2.12-1.149.el6.x86_64
glibc-debuginfo-common-2.12-1.149.el6.x86_64
glibc-devel-2.12-1.149.el6.x86_64
glibc-headers-2.12-1.149.el6.x86_64
glibmm24-2.22.1-1.el6.x86_64
glib-networking-2.28.6.1-2.2.el6.x86_64
glusterfs-3.6.0.29-2.el6.x86_64
glusterfs-api-3.6.0.29-2.el6.x86_64
glusterfs-libs-3.6.0.29-2.el6.x86_64
glx-utils-10.1.2-2.el6.x86_64
gmp-4.3.1-7.el6_2.2.x86_64
gnome-applets-2.28.0-7.el6.x86_64
gnome-backgrounds-2.28.0-2.el6.noarch
gnome-bluetooth-2.28.6-8.el6.x86_64
gnome-bluetooth-libs-2.28.6-8.el6.x86_64
gnome-desktop-2.28.2-11.el6.x86_64
gnome-desktop-devel-2.28.2-11.el6.x86_64
gnome-disk-utility-2.30.1-2.el6.x86_64
gnome-disk-utility-libs-2.30.1-2.el6.x86_64
gnome-disk-utility-ui-libs-2.30.1-2.el6.x86_64
gnome-doc-utils-0.18.1-1.el6.noarch
gnome-doc-utils-stylesheets-0.18.1-1.el6.noarch
gnome-icon-theme-2.28.0-2.el6.noarch
gnome-keyring-2.28.2-8.el6_3.x86_64
gnome-keyring-devel-2.28.2-8.el6_3.x86_64
gnome-keyring-pam-2.28.2-8.el6_3.x86_64
gnome-mag-0.15.9-2.el6.x86_64
gnome-media-2.29.91-6.el6.x86_64
gnome-media-libs-2.29.91-6.el6.x86_64
gnome-menus-2.28.0-4.el6.x86_64
gnome-packagekit-2.28.3-9.el6.x86_64
gnome-panel-2.30.2-15.el6.x86_64
gnome-panel-libs-2.30.2-15.el6.x86_64
gnome-power-manager-2.28.3-7.el6_4.x86_64
gnome-python2-2.28.0-3.el6.x86_64
gnome-python2-applet-2.28.0-5.el6.x86_64
gnome-python2-bonobo-2.28.0-3.el6.x86_64
gnome-python2-canvas-2.28.0-3.el6.x86_64
gnome-python2-desktop-2.28.0-5.el6.x86_64
gnome-python2-extras-2.25.3-20.el6.x86_64
gnome-python2-gconf-2.28.0-3.el6.x86_64
gnome-python2-gnome-2.28.0-3.el6.x86_64
gnome-python2-gnomekeyring-2.28.0-5.el6.x86_64
gnome-python2-gnomevfs-2.28.0-3.el6.x86_64
gnome-python2-libegg-2.25.3-20.el6.x86_64
gnome-python2-libwnck-2.28.0-5.el6.x86_64
gnome-screensaver-2.28.3-28.el6.x86_64
gnome-session-2.28.0-22.el6.x86_64
gnome-session-xsession-2.28.0-22.el6.x86_64
gnome-settings-daemon-2.28.2-30.el6.x86_64
gnome-speech-0.4.25-3.1.el6.x86_64
gnome-system-monitor-2.28.0-11.el6.x86_64
gnome-terminal-2.31.3-8.el6.x86_64
gnome-themes-2.28.1-6.el6.noarch
gnome-user-docs-2.28.0-4.el6.noarch
gnome-user-share-2.28.2-3.el6.x86_64
gnome-utils-2.28.1-10.el6.x86_64
gnome-utils-libs-2.28.1-10.el6.x86_64
gnome-vfs2-2.24.2-6.el6.x86_64
gnome-vfs2-devel-2.24.2-6.el6.x86_64
gnome-vfs2-smb-2.24.2-6.el6.x86_64
gnote-0.6.3-3.el6.x86_64
gnupg2-2.0.14-8.el6.x86_64
gnuplot-4.2.6-2.el6.x86_64
gnuplot-common-4.2.6-2.el6.x86_64
gnutls-2.8.5-14.el6_5.x86_64
gnutls-devel-2.8.5-14.el6_5.x86_64
gnutls-utils-2.8.5-14.el6_5.x86_64
gok-2.28.1-5.el6.x86_64
gpgme-1.1.8-3.el6.x86_64
gpg-pubkey-0608b895-4bd22942
gpg-pubkey-192a7d7d-4a5769d0
gpg-pubkey-1d1e034b-42bfd0c5
gpg-pubkey-9b1fd350-4a576be4
gpm-libs-1.20.6-12.el6.x86_64
gpxe-roms-qemu-0.9.7-6.12.el6.noarch
grep-2.6.3-6.el6.x86_64
groff-1.18.1.4-21.el6.x86_64
grub-0.97-93.el6.x86_64
grubby-7.0.15-7.el6.x86_64
gsm-1.0.13-4.el6.x86_64
gstreamer-0.10.29-1.el6.x86_64
gstreamer-devel-0.10.29-1.el6.x86_64
gstreamer-plugins-bad-free-0.10.19-3.el6_5.x86_64
gstreamer-plugins-base-0.10.29-2.el6.x86_64
gstreamer-plugins-good-0.10.23-1.el6.x86_64
gstreamer-python-0.10.16-1.1.el6.x86_64
gstreamer-tools-0.10.29-1.el6.x86_64
gthumb-2.10.11-8.el6.x86_64
gtk2-2.24.23-6.el6.x86_64
gtk2-devel-2.24.23-6.el6.x86_64
gtk2-engines-2.18.4-5.el6.x86_64
gtk2-immodule-xim-2.24.23-6.el6.x86_64
gtk-doc-1.11-5.1.el6.noarch
gtkmm24-2.18.2-1.el6.x86_64
gtksourceview2-2.8.2-4.el6.x86_64
gtkspell-2.0.16-1.el6.x86_64
gtk-vnc-0.3.10-3.el6.x86_64
gtk-vnc-python-0.3.10-3.el6.x86_64
gucharmap-2.28.2-2.el6.x86_64
gutenprint-5.2.5-2.el6.x86_64
gutenprint-cups-5.2.5-2.el6.x86_64
gutenprint-plugin-5.2.5-2.el6.x86_64
gvfs-1.4.3-18.el6.x86_64
gvfs-afc-1.4.3-18.el6.x86_64
gvfs-archive-1.4.3-18.el6.x86_64
gvfs-devel-1.4.3-18.el6.x86_64
gvfs-fuse-1.4.3-18.el6.x86_64
gvfs-gphoto2-1.4.3-18.el6.x86_64
gvfs-obexftp-1.4.3-18.el6.x86_64
gvfs-smb-1.4.3-18.el6.x86_64
gzip-1.3.12-22.el6.x86_64
hal-0.5.14-14.el6.x86_64
hal-devel-0.5.14-14.el6.x86_64
hal-info-20090716-3.1.el6.noarch
hal-libs-0.5.14-14.el6.x86_64
hamcrest-1.1-9.4.el6.x86_64
hdparm-9.43-4.el6.x86_64
hesiod-3.1.0-19.el6.x86_64
hicolor-icon-theme-0.11-1.1.el6.noarch
hmaccalc-0.9.12-2.el6.x86_64
hpijs-3.12.4-6.el6.x86_64
hplip-common-3.12.4-6.el6.x86_64
hplip-libs-3.12.4-6.el6.x86_64
hsqldb-1.8.0.10-12.el6.noarch
httpd-2.2.15-39.sl6.x86_64
httpd-tools-2.2.15-39.sl6.x86_64
hunspell-1.2.8-16.el6.x86_64
hunspell-de-0.20090107-4.1.el6.noarch
hunspell-en-0.20090216-7.1.el6.noarch
hwdata-0.233-11.1.el6.noarch
ibus-1.3.4-6.el6.x86_64
ibus-anthy-1.2.1-3.el6.x86_64
ibus-chewing-1.3.5.20100714-4.el6.x86_64
ibus-gtk-1.3.4-6.el6.x86_64
ibus-hangul-1.3.0.20100329-6.el6.x86_64
ibus-libs-1.3.4-6.el6.x86_64
ibus-m17n-1.3.0-2.el6.x86_64
ibus-pinyin-1.3.8-1.el6.x86_64
ibus-qt-1.3.0-2.el6.x86_64
ibus-rawcode-1.3.0.20100421-2.el6.x86_64
ibus-sayura-1.2.99.20100209-3.el6.x86_64
ibus-table-1.2.0.20100111-5.el6.noarch
ibus-table-additional-1.2.0.20100111-5.el6.noarch
icedax-1.1.9-12.el6.x86_64
icu4j-eclipse-4.2.1-5.el6.x86_64
iftop-1.0-0.7.pre4.el6.x86_64
ilmbase-1.0.1-6.1.el6.x86_64
im-chooser-1.3.1-3.el6.x86_64
imsettings-0.108.0-3.6.el6.x86_64
imsettings-libs-0.108.0-3.6.el6.x86_64
indent-2.2.10-7.el6.x86_64
info-4.13a-8.el6.x86_64
initscripts-9.03.46-1.el6.x86_64
intltool-0.41.0-1.1.el6.noarch
iok-1.3.13-3.el6.x86_64
iotop-0.3.2-7.el6.noarch
ipa-python-3.0.0-42.el6.x86_64
iproute-2.6.32-32.el6_5.x86_64
iptables-1.4.7-14.el6.x86_64
iptables-ipv6-1.4.7-14.el6.x86_64
iputils-20071127-17.el6_4.2.x86_64
ipw2100-firmware-1.3-11.el6.noarch
ipw2200-firmware-3.1-4.el6.noarch
irqbalance-1.0.4-10.el6.x86_64
iscsi-initiator-utils-6.2.0.873-13.el6.x86_64
iso-codes-3.16-2.el6.noarch
ivtv-firmware-20080701-20.2.noarch
iw-3.10-1.1.el6.x86_64
iwl1000-firmware-39.31.5.1-1.el6.noarch
iwl100-firmware-39.31.5.1-1.el6.noarch
iwl3945-firmware-15.32.2.9-4.el6.noarch
iwl4965-firmware-228.61.2.24-2.1.el6.noarch
iwl5000-firmware-8.83.5.1_1-1.el6_1.1.noarch
iwl5150-firmware-8.24.2.2-1.el6.noarch
iwl6000-firmware-9.221.4.1-1.el6.noarch
iwl6000g2a-firmware-17.168.5.3-1.el6.noarch
iwl6050-firmware-41.28.5.1-2.el6.noarch
jakarta-commons-codec-1.3-11.7.el6.x86_64
jakarta-commons-discovery-0.4-5.4.el6.noarch
jakarta-commons-el-1.0-18.4.el6.noarch
jakarta-commons-httpclient-3.1-0.9.el6_5.x86_64
jakarta-commons-io-1.4-3.el6.noarch
jakarta-commons-lang-2.4-1.1.el6.noarch
jakarta-commons-logging-1.0.4-10.el6.noarch
jakarta-commons-net-2.0-2.1.el6.noarch
jakarta-oro-2.0.8-6.6.el6.x86_64
jasper-libs-1.900.1-15.el6_1.1.x86_64
java-1.5.0-gcj-1.5.0.0-29.1.el6.x86_64
java-1.6.0-openjdk-1.6.0.33-1.13.5.0.el6_6.x86_64
java-1.6.0-openjdk-devel-1.6.0.33-1.13.5.0.el6_6.x86_64
java-1.6.0-openjdk-javadoc-1.6.0.33-1.13.5.0.el6_6.x86_64
java-1.7.0-openjdk-1.7.0.71-2.5.3.1.el6.x86_64
java_cup-0.10k-5.el6.x86_64
jdepend-2.9-1.2.el6.noarch
jetty-eclipse-6.1.24-2.el6.noarch
jline-0.9.94-0.8.el6.noarch
jna-3.2.4-2.el6.x86_64
jomolhari-fonts-0.003-8.1.el6.noarch
jpackage-utils-1.7.5-3.12.el6.noarch
jsch-0.1.41-2.2.el6.noarch
junit-3.8.2-6.5.el6.x86_64
junit4-4.5-5.3.el6.noarch
jzlib-1.0.7-7.5.el6.x86_64
kasumi-2.5-1.1.el6.x86_64
kbd-1.15-11.el6.x86_64
kbd-misc-1.15-11.el6.noarch
kernel-2.6.32-431.11.2.el6.BPA.x86_64
kernel-2.6.32-431.17.1.el6.BPA.x86_64
kernel-2.6.32-431.el6.x86_64
kernel-devel-2.6.32-431.11.2.el6.BPA.x86_64
kernel-devel-2.6.32-431.17.1.el6.BPA.x86_64
kernel-devel-2.6.32-431.el6.x86_64
kernel-firmware-2.6.32-431.11.2.el6.BPA.x86_64
kernel-firmware-2.6.32-431.17.1.el6.BPA.x86_64
kernel-firmware-2.6.32-431.el6.noarch
kernel-headers-2.6.32-431.11.2.el6.BPA.x86_64
kernel-headers-2.6.32-431.el6.x86_64
kexec-tools-2.0.0-280.el6.x86_64
keyutils-1.4-5.el6.x86_64
keyutils-libs-1.4-5.el6.x86_64
keyutils-libs-devel-1.4-5.el6.x86_64
khmeros-base-fonts-5.0-9.el6.noarch
khmeros-fonts-common-5.0-9.el6.noarch
kpartx-0.4.9-80.el6.x86_64
kpathsea-2007-57.el6_2.x86_64
krb5-devel-1.10.3-33.el6.x86_64
krb5-libs-1.10.3-33.el6.x86_64
krb5-workstation-1.10.3-33.el6.x86_64
kurdit-unikurd-web-fonts-20020502-6.el6.noarch
lapack-3.2.1-4.el6.x86_64
lapack-devel-3.2.1-4.el6.x86_64
latencytop-0.5-9.el6.x86_64
latencytop-common-0.5-9.el6.x86_64
latrace-0.5.9-2.el6.x86_64
lcms-libs-1.19-1.el6.x86_64
ledmon-0.79-1.el6.x86_64
less-436-13.el6.x86_64
libacl-2.2.49-6.el6.x86_64
libacl-devel-2.2.49-6.el6.x86_64
libaio-0.3.107-10.el6.x86_64
libao-0.8.8-7.1.el6.x86_64
libarchive-2.8.3-4.el6_2.x86_64
libart_lgpl-2.3.20-5.1.el6.x86_64
libart_lgpl-devel-2.3.20-5.1.el6.x86_64
libasyncns-0.8-1.1.el6.x86_64
libatasmart-0.17-4.el6_2.x86_64
libattr-2.4.44-7.el6.x86_64
libattr-devel-2.4.44-7.el6.x86_64
libavc1394-0.5.3-9.1.el6.x86_64
libbasicobjects-0.1.1-11.el6.x86_64
libbasicobjects-devel-0.1.1-11.el6.x86_64
libblkid-2.17.2-12.18.el6.x86_64
libbonobo-2.24.2-5.el6.x86_64
libbonobo-devel-2.24.2-5.el6.x86_64
libbonoboui-2.24.2-3.el6.x86_64
libbonoboui-devel-2.24.2-3.el6.x86_64
libburn-0.7.0-2.el6.x86_64
libcacard-0.15.0-2.el6.x86_64
libcanberra-0.22-1.el6.x86_64
libcanberra-devel-0.22-1.el6.x86_64
libcanberra-gtk2-0.22-1.el6.x86_64
libcap-2.16-5.5.el6.x86_64
libcap-ng-0.6.4-3.el6_0.1.x86_64
libcap-ng-devel-0.6.4-3.el6_0.1.x86_64
libcdio-0.81-3.1.el6.x86_64
libcgroup-0.40.rc1-12.el6.x86_64
libcgroup-devel-0.40.rc1-12.el6.x86_64
libchewing-0.3.2-27.el6.x86_64
libcollection-0.6.2-11.el6.x86_64
libcollection-devel-0.6.2-11.el6.x86_64
libcom_err-1.41.12-21.el6.x86_64
libcom_err-devel-1.41.12-21.el6.x86_64
libcroco-0.6.2-5.el6.x86_64
libcroco-devel-0.6.2-5.el6.x86_64
libcurl-7.19.7-37.el6_5.3.x86_64
libcurl-devel-7.19.7-37.el6_5.3.x86_64
libdaemon-0.14-1.el6.x86_64
libdhash-0.4.3-11.el6.x86_64
libdiscid-0.2.2-4.1.el6.x86_64
libdmx-1.1.3-3.el6.x86_64
libdrm-2.4.52-4.el6.x86_64
libdrm-devel-2.4.52-4.el6.x86_64
libdv-1.0.0-8.1.el6.x86_64
libedit-2.11-4.20080712cvs.1.el6.x86_64
liberation-fonts-common-1.05.1.20090721-5.el6.noarch
liberation-mono-fonts-1.05.1.20090721-5.el6.noarch
liberation-sans-fonts-1.05.1.20090721-5.el6.noarch
liberation-serif-fonts-1.05.1.20090721-5.el6.noarch
libertas-usb8388-firmware-5.110.22.p23-3.1.el6.noarch
libevent-1.4.13-4.el6.x86_64
libexif-0.6.21-5.el6_3.x86_64
libffi-3.0.5-3.2.el6.x86_64
libfontenc-1.0.5-2.el6.x86_64
libfprint-0.1.0-19.pre2.el6.x86_64
libgail-gnome-1.20.1-4.1.el6.x86_64
libgcc-4.4.7-11.el6.x86_64
libgcj-4.4.7-11.el6.x86_64
libgcrypt-1.4.5-11.el6_4.x86_64
libgcrypt-devel-1.4.5-11.el6_4.x86_64
libgdata-0.6.4-2.el6.x86_64
libgdata-devel-0.6.4-2.el6.x86_64
libgfortran-4.4.7-11.el6.x86_64
libglade2-2.6.4-3.1.el6.x86_64
libglade2-devel-2.6.4-3.1.el6.x86_64
libgnome-2.28.0-11.el6.x86_64
libgnomecanvas-2.26.0-4.el6.x86_64
libgnomecanvas-devel-2.26.0-4.el6.x86_64
libgnome-devel-2.28.0-11.el6.x86_64
libgnomekbd-2.28.2-2.el6.x86_64
libgnomeui-2.24.1-4.el6.x86_64
libgnomeui-devel-2.24.1-4.el6.x86_64
libgomp-4.4.7-11.el6.x86_64
libgpg-error-1.7-4.el6.x86_64
libgpg-error-devel-1.7-4.el6.x86_64
libgphoto2-2.4.7-4.el6.x86_64
libgpod-0.7.2-6.el6.x86_64
libgsf-1.14.15-5.el6.x86_64
libgsf-devel-1.14.15-5.el6.x86_64
libgssglue-0.1-11.el6.x86_64
libgtop2-2.28.0-3.el6.x86_64
libgudev1-147-2.57.el6.x86_64
libgweather-2.28.0-5.el6.x86_64
libgweather-devel-2.28.0-5.el6.x86_64
libgxim-0.3.3-3.1.el6.x86_64
libhangul-0.0.10-1.el6.x86_64
libical-0.43-6.el6.x86_64
libical-devel-0.43-6.el6.x86_64
libICE-1.0.6-1.el6.x86_64
libICE-devel-1.0.6-1.el6.x86_64
libicu-4.2.1-9.1.el6_2.x86_64
libicu-devel-4.2.1-9.1.el6_2.x86_64
libIDL-0.8.13-2.1.el6.x86_64
libIDL-devel-0.8.13-2.1.el6.x86_64
libidn-1.18-2.el6.x86_64
libidn-devel-1.18-2.el6.x86_64
libiec61883-1.2.0-4.el6.x86_64
libieee1284-0.2.11-9.el6.x86_64
libimobiledevice-0.9.7-4.el6.x86_64
libini_config-1.1.0-11.el6.x86_64
libini_config-devel-1.1.0-11.el6.x86_64
libipa_hbac-1.11.6-30.el6.x86_64
libipa_hbac-python-1.11.6-30.el6.x86_64
libiptcdata-1.0.4-2.1.el6.x86_64
libisofs-0.6.32-1.el6.x86_64
libjpeg-turbo-1.2.1-3.el6_5.x86_64
libjpeg-turbo-devel-1.2.1-3.el6_5.x86_64
libldb-1.1.13-3.el6.x86_64
libmcpp-2.7.2-4.1.el6.x86_64
libmng-1.0.10-4.1.el6.x86_64
libmng-devel-1.0.10-4.1.el6.x86_64
libmpcdec-1.2.6-6.1.el6.x86_64
libmtp-1.0.1-2.el6.x86_64
libmusicbrainz3-3.0.2-7.el6.x86_64
libnih-1.0.1-7.el6.x86_64
libnl-1.1.4-2.el6.x86_64
libnotify-0.5.0-1.el6.x86_64
libnotify-devel-0.5.0-1.el6.x86_64
libogg-1.1.4-2.1.el6.x86_64
liboil-0.3.16-4.1.el6.x86_64
libopenraw-0.0.5-4.1.el6.x86_64
libopenraw-gnome-0.0.5-4.1.el6.x86_64
libotf-0.9.9-3.1.el6.x86_64
libpanelappletmm-2.26.0-3.el6.x86_64
libpath_utils-0.2.1-11.el6.x86_64
libpcap-1.4.0-1.20130826git2dbcaa1.el6.x86_64
libpciaccess-0.13.3-0.1.el6.x86_64
libplist-1.2-1.el6.x86_64
libpng-1.2.49-1.el6_2.x86_64
libpng-devel-1.2.49-1.el6_2.x86_64
libproxy-0.3.0-10.el6.x86_64
libproxy-bin-0.3.0-10.el6.x86_64
libproxy-python-0.3.0-10.el6.x86_64
libraw1394-2.0.4-1.el6.x86_64
libref_array-0.1.4-11.el6.x86_64
libref_array-devel-0.1.4-11.el6.x86_64
libreport-2.0.9-21.el6.x86_64
libreport-compat-2.0.9-21.el6.x86_64
libreport-gtk-2.0.9-21.el6.x86_64
libreport-newt-2.0.9-21.el6.x86_64
libreport-plugin-reportuploader-2.0.9-21.el6.x86_64
libreport-plugin-rhtsupport-2.0.9-21.el6.x86_64
libreport-python-2.0.9-21.el6.x86_64
libRmath-3.1.1-7.el6.x86_64
libRmath-devel-3.1.1-7.el6.x86_64
librsvg2-2.26.0-14.el6.x86_64
librsvg2-devel-2.26.0-14.el6.x86_64
libsamplerate-0.1.7-2.1.el6.x86_64
libsane-hpaio-3.12.4-6.el6.x86_64
libselinux-2.0.94-5.8.el6.x86_64
libselinux-devel-2.0.94-5.8.el6.x86_64
libselinux-python-2.0.94-5.8.el6.x86_64
libselinux-utils-2.0.94-5.8.el6.x86_64
libsemanage-2.0.43-4.2.el6.x86_64
libsepol-2.0.41-4.el6.x86_64
libsepol-devel-2.0.41-4.el6.x86_64
libshout-2.2.2-5.1.el6.x86_64
libsigc++20-2.2.4.2-1.el6.x86_64
libSM-1.2.1-2.el6.x86_64
libsmbclient-3.6.23-12.el6.x86_64
libSM-devel-1.2.1-2.el6.x86_64
libsndfile-1.0.20-5.el6.x86_64
libsoup-2.34.3-2.el6.x86_64
libsoup-devel-2.34.3-2.el6.x86_64
libspectre-0.2.4-1.el6.x86_64
libspiro-20071029-3.1.el6.x86_64
libss-1.41.12-21.el6.x86_64
libssh2-1.4.2-1.el6.x86_64
libsss_idmap-1.11.6-30.el6.x86_64
libstdc++-4.4.7-11.el6.x86_64
libstdc++-devel-4.4.7-11.el6.x86_64
libtalloc-2.0.7-2.el6.x86_64
libtar-1.2.11-17.el6_4.1.x86_64
libtasn1-2.3-6.el6_5.x86_64
libtasn1-devel-2.3-6.el6_5.x86_64
libtdb-1.2.10-1.el6.x86_64
libtevent-0.9.18-3.el6.x86_64
libthai-0.1.12-3.el6.x86_64
libtheora-1.1.0-2.el6.x86_64
libtiff-3.9.4-10.el6_5.x86_64
libtirpc-0.2.1-10.el6.x86_64
libtool-2.2.6-15.5.el6.x86_64
libtool-ltdl-2.2.6-15.5.el6.x86_64
libudev-147-2.57.el6.x86_64
libusb-0.1.12-23.el6.x86_64
libusb1-1.0.9-0.6.rc1.el6.x86_64
libuser-0.56.13-5.el6.x86_64
libuser-python-0.56.13-5.el6.x86_64
libutempter-1.1.5-4.1.el6.x86_64
libuuid-2.17.2-12.18.el6.x86_64
libv4l-0.6.3-2.el6.x86_64
libvirt-0.10.2-46.el6.x86_64
libvirt-client-0.10.2-46.el6.x86_64
libvirt-devel-0.10.2-46.el6.x86_64
libvirt-java-0.4.9-1.el6.noarch
libvirt-java-devel-0.4.9-1.el6.noarch
libvirt-python-0.10.2-46.el6.x86_64
libvisual-0.4.0-10.el6.x86_64
libvorbis-1.2.3-4.el6_2.1.x86_64
libvpx-1.3.0-5.el6_5.x86_64
libwacom-0.8-1.el6.x86_64
libwacom-data-0.8-1.el6.noarch
libwmf-0.2.8.4-23.el6.x86_64
libwmf-lite-0.2.8.4-23.el6.x86_64
libwnck-2.28.0-3.el6.x86_64
libX11-1.6.0-2.2.el6.x86_64
libX11-common-1.6.0-2.2.el6.noarch
libX11-devel-1.6.0-2.2.el6.x86_64
libXau-1.0.6-4.el6.x86_64
libXau-devel-1.0.6-4.el6.x86_64
libXaw-1.0.11-2.el6.x86_64
libxcb-1.9.1-2.el6.x86_64
libxcb-devel-1.9.1-2.el6.x86_64
libXcomposite-0.4.3-4.el6.x86_64
libXcomposite-devel-0.4.3-4.el6.x86_64
libXcursor-1.1.14-2.1.el6.x86_64
libXcursor-devel-1.1.14-2.1.el6.x86_64
libXdamage-1.1.3-4.el6.x86_64
libXdamage-devel-1.1.3-4.el6.x86_64
libXdmcp-1.1.1-3.el6.x86_64
libXext-1.3.2-2.1.el6.x86_64
libXext-devel-1.3.2-2.1.el6.x86_64
libXfixes-5.0.1-2.1.el6.x86_64
libXfixes-devel-5.0.1-2.1.el6.x86_64
libXfont-1.4.5-3.el6_5.x86_64
libXft-2.3.1-2.el6.x86_64
libXft-devel-2.3.1-2.el6.x86_64
libXi-1.7.2-2.2.el6.x86_64
libXi-devel-1.7.2-2.2.el6.x86_64
libXinerama-1.1.3-2.1.el6.x86_64
libXinerama-devel-1.1.3-2.1.el6.x86_64
libxkbfile-1.0.6-1.1.el6.x86_64
libxklavier-4.0-9.el6.x86_64
libxml2-2.7.6-17.el6_6.1.x86_64
libxml2-devel-2.7.6-17.el6_6.1.x86_64
libxml2-python-2.7.6-17.el6_6.1.x86_64
libXmu-1.1.1-2.el6.x86_64
libXmu-devel-1.1.1-2.el6.x86_64
libXp-1.0.2-2.1.el6.x86_64
libXp-devel-1.0.2-2.1.el6.x86_64
libXpm-3.5.10-2.el6.x86_64
libXrandr-1.4.1-2.1.el6.x86_64
libXrandr-devel-1.4.1-2.1.el6.x86_64
libXrender-0.9.8-2.1.el6.x86_64
libXrender-devel-0.9.8-2.1.el6.x86_64
libXres-1.0.7-2.1.el6.x86_64
libXScrnSaver-1.2.2-2.el6.x86_64
libxslt-1.1.26-2.el6_3.1.x86_64
libxslt-devel-1.1.26-2.el6_3.1.x86_64
libXt-1.1.4-6.1.el6.x86_64
libXt-devel-1.1.4-6.1.el6.x86_64
libXtst-1.2.2-2.1.el6.x86_64
libXtst-devel-1.2.2-2.1.el6.x86_64
libXv-1.0.9-2.1.el6.x86_64
libXvMC-1.0.8-2.1.el6.x86_64
libXxf86dga-1.1.4-2.1.el6.x86_64
libXxf86misc-1.0.3-4.el6.x86_64
libXxf86vm-1.1.3-2.1.el6.x86_64
libXxf86vm-devel-1.1.3-2.1.el6.x86_64
lklug-fonts-0.6-4.20090803cvs.el6.noarch
lm_sensors-libs-3.1.1-17.el6.x86_64
lockdev-1.0.1-18.el6.x86_64
log4j-1.2.14-6.4.el6.x86_64
logrotate-3.7.8-17.el6.x86_64
lohit-assamese-fonts-2.4.3-5.el6.noarch
lohit-bengali-fonts-2.4.3-6.el6.noarch
lohit-devanagari-fonts-2.4.3-7.el6.noarch
lohit-gujarati-fonts-2.4.4-4.el6.noarch
lohit-kannada-fonts-2.4.5-6.el6.noarch
lohit-oriya-fonts-2.4.3-6.el6.noarch
lohit-punjabi-fonts-2.4.4-2.el6.noarch
lohit-tamil-fonts-2.4.5-5.el6.noarch
lohit-telugu-fonts-2.4.5-6.el6.noarch
lpg-java-compat-1.1.0-4.1.el6.noarch
lsof-4.82-4.el6.x86_64
ltrace-0.5-28.45svn.el6.x86_64
lua-5.1.4-4.1.el6.x86_64
lucene-2.3.1-5.9.el6.noarch
lucene-contrib-2.3.1-5.9.el6.noarch
lvm2-2.02.111-2.el6.x86_64
lvm2-libs-2.02.111-2.el6.x86_64
lx-20030328-5.1.el6.x86_64
lynx-2.8.6-27.el6.x86_64
lzo-2.03-3.1.el6_5.1.x86_64
lzop-1.02-0.9.rc1.el6.x86_64
m17n-contrib-1.1.10-4.el6_1.1.noarch
m17n-contrib-assamese-1.1.10-4.el6_1.1.noarch
m17n-contrib-bengali-1.1.10-4.el6_1.1.noarch
m17n-contrib-gujarati-1.1.10-4.el6_1.1.noarch
m17n-contrib-hindi-1.1.10-4.el6_1.1.noarch
m17n-contrib-kannada-1.1.10-4.el6_1.1.noarch
m17n-contrib-maithili-1.1.10-4.el6_1.1.noarch
m17n-contrib-malayalam-1.1.10-4.el6_1.1.noarch
m17n-contrib-marathi-1.1.10-4.el6_1.1.noarch
m17n-contrib-oriya-1.1.10-4.el6_1.1.noarch
m17n-contrib-punjabi-1.1.10-4.el6_1.1.noarch
m17n-contrib-sinhala-1.1.10-4.el6_1.1.noarch
m17n-contrib-tamil-1.1.10-4.el6_1.1.noarch
m17n-contrib-telugu-1.1.10-4.el6_1.1.noarch
m17n-contrib-urdu-1.1.10-4.el6_1.1.noarch
m17n-db-1.5.5-1.1.el6.noarch
m17n-db-assamese-1.5.5-1.1.el6.noarch
m17n-db-bengali-1.5.5-1.1.el6.noarch
m17n-db-datafiles-1.5.5-1.1.el6.noarch
m17n-db-gujarati-1.5.5-1.1.el6.noarch
m17n-db-hindi-1.5.5-1.1.el6.noarch
m17n-db-kannada-1.5.5-1.1.el6.noarch
m17n-db-malayalam-1.5.5-1.1.el6.noarch
m17n-db-oriya-1.5.5-1.1.el6.noarch
m17n-db-punjabi-1.5.5-1.1.el6.noarch
m17n-db-sinhala-1.5.5-1.1.el6.noarch
m17n-db-tamil-1.5.5-1.1.el6.noarch
m17n-db-telugu-1.5.5-1.1.el6.noarch
m17n-db-thai-1.5.5-1.1.el6.noarch
m17n-lib-1.5.5-2.el6_1.1.x86_64
m4-1.4.13-5.el6.x86_64
madan-fonts-2.000-3.el6.noarch
mailcap-2.1.31-2.el6.noarch
mailx-12.4-7.el6.x86_64
make-3.81-20.el6.x86_64
MAKEDEV-3.24-6.el6.x86_64
man-1.6f-32.el6.x86_64
man-pages-3.22-20.el6.noarch
man-pages-overrides-6.6.3-2.el6.noarch
mc-4.7.0.2-3.el6.x86_64
mcpp-2.7.2-4.1.el6.x86_64
mdadm-3.3-6.el6.x86_64
media-player-info-6-1.el6.noarch
mesa-dri1-drivers-7.11-8.el6.x86_64
mesa-dri-drivers-10.1.2-2.el6.x86_64
mesa-dri-filesystem-10.1.2-2.el6.x86_64
mesa-libEGL-10.1.2-2.el6.x86_64
mesa-libgbm-10.1.2-2.el6.x86_64
mesa-libGL-10.1.2-2.el6.x86_64
mesa-libGL-devel-10.1.2-2.el6.x86_64
mesa-libGLU-10.1.2-2.el6.x86_64
mesa-libGLU-devel-10.1.2-2.el6.x86_64
mesa-libGLw-6.5.1-10.el6.x86_64
mesa-libGLw-devel-6.5.1-10.el6.x86_64
mesa-private-llvm-3.4-3.el6.x86_64
metacity-2.28.0-23.el6.x86_64
microcode_ctl-1.17-19.el6.x86_64
min12xxw-0.0.9-5.1.el6.x86_64
mingetty-1.08-5.el6.x86_64
mlocate-0.22.2-4.el6.x86_64
mobile-broadband-provider-info-1.20100122-4.el6.noarch
mod_dnssd-0.6-2.el6.x86_64
ModemManager-0.4.0-5.git20100628.el6.x86_64
module-init-tools-3.9-24.el6.x86_64
mousetweaks-2.28.2-1.el6.x86_64
mozilla-filesystem-1.9-5.1.el6.x86_64
mpfr-2.4.1-6.el6.x86_64
mtdev-1.1.2-5.el6.x86_64
mtools-4.0.12-1.el6.x86_64
mtr-0.75-5.el6.x86_64
mx4j-3.0.1-9.13.el6.noarch
mysql-5.1.73-3.el6_5.x86_64
mysql-devel-5.1.73-3.el6_5.x86_64
mysql-libs-5.1.73-3.el6_5.x86_64
nano-2.0.9-7.el6.x86_64
nautilus-2.28.4-19.el6.x86_64
nautilus-extensions-2.28.4-19.el6.x86_64
nautilus-open-terminal-0.17-4.el6.x86_64
nautilus-sendto-2.28.2-4.el6.x86_64
nc-1.84-22.el6.x86_64
ncurses-5.7-3.20090208.el6.x86_64
ncurses-base-5.7-3.20090208.el6.x86_64
ncurses-devel-5.7-3.20090208.el6.x86_64
ncurses-libs-5.7-3.20090208.el6.x86_64
neon-0.29.3-3.el6_4.x86_64
netcf-libs-0.2.4-1.el6.x86_64
nethogs-0.8.0-1.el6.x86_64
netpbm-10.47.05-11.el6.x86_64
netpbm-progs-10.47.05-11.el6.x86_64
net-snmp-5.5-49.el6_5.4.x86_64
net-snmp-libs-5.5-49.el6_5.4.x86_64
net-tools-1.60-110.el6_2.x86_64
NetworkManager-glib-0.8.1-75.el6.x86_64
newt-0.52.11-3.el6.x86_64
newt-devel-0.52.11-3.el6.x86_64
newt-python-0.52.11-3.el6.x86_64
nfs4-acl-tools-0.3.3-6.el6.x86_64
nfs-utils-1.2.3-54.el6.x86_64
nfs-utils-lib-1.1.5-9.el6.x86_64
notification-daemon-0.5.0-1.el6.x86_64
notify-python-0.1.1-10.el6.x86_64
nspluginwrapper-1.4.4-1.el6_3.x86_64
nspr-4.10.6-1.el6_5.x86_64
nspr-devel-4.10.6-1.el6_5.x86_64
nss-3.16.1-14.el6.x86_64
nss-devel-3.16.1-14.el6.x86_64
nss-softokn-3.14.3-17.el6.x86_64
nss-softokn-debuginfo-3.14.3-17.el6.x86_64
nss-softokn-devel-3.14.3-17.el6.x86_64
nss-softokn-freebl-3.14.3-17.el6.x86_64
nss-softokn-freebl-devel-3.14.3-17.el6.x86_64
nss-sysinit-3.16.1-14.el6.x86_64
nss-tools-3.16.1-14.el6.x86_64
nss-util-3.16.1-3.el6.x86_64
nss-util-devel-3.16.1-3.el6.x86_64
ntp-4.2.6p5-1.el6.x86_64
ntpdate-4.2.6p5-1.el6.x86_64
ntsysv-1.3.49.3-2.el6_4.1.x86_64
numactl-2.0.9-2.el6.x86_64
numad-0.5-11.20140620git.el6.x86_64
numpy-1.4.1-9.el6.x86_64
obexd-0.19-2.el6.x86_64
obex-data-server-0.4.3-4.el6.x86_64
objectweb-asm-3.2-2.1.el6.noarch
oddjob-0.30-5.el6.x86_64
oddjob-mkhomedir-0.30-5.el6.x86_64
OpenEXR-libs-1.6.1-8.1.el6.x86_64
openjade-1.3.2-36.el6.x86_64
openjpeg-libs-1.3-10.el6_5.x86_64
openldap-2.4.39-8.el6.x86_64
openldap-devel-2.4.39-8.el6.x86_64
openmotif-2.3.3-8.el6.x86_64
openmotif-devel-2.3.3-8.el6.x86_64
openobex-1.4-7.el6.x86_64
opensp-1.5.2-12.1.el6.x86_64
openssh-5.3p1-104.el6.x86_64
openssh-askpass-5.3p1-104.el6.x86_64
openssh-clients-5.3p1-104.el6.x86_64
openssh-server-5.3p1-104.el6.x86_64
openssl-1.0.1e-30.el6_6.2.x86_64
openssl-devel-1.0.1e-30.el6_6.2.x86_64
oprofile-0.9.9-5.el6.x86_64
ORBit2-2.14.17-5.el6.x86_64
ORBit2-devel-2.14.17-5.el6.x86_64
orca-2.28.2-1.el6.x86_64
p11-kit-0.18.5-2.el6_5.2.x86_64
p11-kit-trust-0.18.5-2.el6_5.2.x86_64
PackageKit-0.5.8-23.el6.x86_64
PackageKit-device-rebind-0.5.8-23.el6.x86_64
PackageKit-glib-0.5.8-23.el6.x86_64
PackageKit-gstreamer-plugin-0.5.8-23.el6.x86_64
PackageKit-gtk-module-0.5.8-23.el6.x86_64
PackageKit-yum-0.5.8-23.el6.x86_64
PackageKit-yum-plugin-0.5.8-23.el6.x86_64
pakchois-0.4-3.2.el6.x86_64
paktype-fonts-common-2.0-8.el6.noarch
paktype-naqsh-fonts-2.0-8.el6.noarch
paktype-tehreer-fonts-2.0-8.el6.noarch
pam-1.1.1-20.el6.x86_64
pam-devel-1.1.1-20.el6.x86_64
pam_krb5-2.3.11-9.el6.x86_64
pam_passwdqc-1.0.5-6.el6.x86_64
pango-1.28.1-10.el6.x86_64
pango-devel-1.28.1-10.el6.x86_64
pangomm-2.26.0-1.el6.x86_64
paps-0.6.8-13.el6.2.x86_64
paps-libs-0.6.8-13.el6.2.x86_64
parted-2.1-25.el6.x86_64
passwd-0.77-4.el6_2.2.x86_64
patch-2.6-6.el6.x86_64
patchutils-0.3.1-3.1.el6.x86_64
pax-3.4-10.1.el6.x86_64
pbm2l2030-1.4-5.1.el6.x86_64
pbm2l7k-990321-8.el6.x86_64
pciutils-3.1.10-4.el6.x86_64
pciutils-libs-3.1.10-4.el6.x86_64
pcmciautils-015-4.2.el6.x86_64
pcre-7.8-6.el6.x86_64
pcre-devel-7.8-6.el6.x86_64
perf-2.6.32-504.1.3.el6.x86_64
perl-5.10.1-136.el6.x86_64
perl-Archive-Extract-0.38-136.el6.x86_64
perl-Archive-Tar-1.58-136.el6.x86_64
perl-CGI-3.51-136.el6.x86_64
perl-Compress-Raw-Bzip2-2.021-136.el6.x86_64
perl-Compress-Raw-Zlib-2.021-136.el6.x86_64
perl-Compress-Zlib-2.021-136.el6.x86_64
perl-core-5.10.1-136.el6.x86_64
perl-CPAN-1.9402-136.el6.x86_64
perl-CPANPLUS-0.88-136.el6.x86_64
perl-Crypt-SSLeay-0.57-17.el6.x86_64
perl-DBD-SQLite-1.27-3.el6.x86_64
perl-DBI-1.609-4.el6.x86_64
perl-DBIx-Simple-1.32-3.el6.noarch
perl-devel-5.10.1-136.el6.x86_64
perl-Digest-SHA-5.47-136.el6.x86_64
perl-Error-0.17015-4.el6.noarch
perl-ExtUtils-CBuilder-0.27-136.el6.x86_64
perl-ExtUtils-Embed-1.28-136.el6.x86_64
perl-ExtUtils-MakeMaker-6.55-136.el6.x86_64
perl-ExtUtils-ParseXS-2.2003.0-136.el6.x86_64
perl-File-Fetch-0.26-136.el6.x86_64
perl-Git-1.7.1-3.el6_4.1.noarch
perl-HTML-Parser-3.64-2.el6.x86_64
perl-HTML-Tagset-3.20-4.el6.noarch
perl-IO-Compress-Base-2.021-136.el6.x86_64
perl-IO-Compress-Bzip2-2.021-136.el6.x86_64
perl-IO-Compress-Zlib-2.021-136.el6.x86_64
perl-IO-Zlib-1.09-136.el6.x86_64
perl-IPC-Cmd-0.56-136.el6.x86_64
perl-libs-5.10.1-136.el6.x86_64
perl-libwww-perl-5.833-2.el6.noarch
perl-libxml-perl-0.08-10.el6.noarch
perl-Locale-Maketext-Simple-0.18-136.el6.x86_64
perl-Log-Message-0.02-136.el6.x86_64
perl-Log-Message-Simple-0.04-136.el6.x86_64
perl-Module-Build-0.3500-136.el6.x86_64
perl-Module-CoreList-2.18-136.el6.x86_64
perl-Module-Load-0.16-136.el6.x86_64
perl-Module-Load-Conditional-0.30-136.el6.x86_64
perl-Module-Loaded-0.02-136.el6.x86_64
perl-Module-Pluggable-3.90-136.el6.x86_64
perl-Object-Accessor-0.34-136.el6.x86_64
perl-Package-Constants-0.02-136.el6.x86_64
perl-Params-Check-0.26-136.el6.x86_64
perl-parent-0.221-136.el6.x86_64
perl-Parse-CPAN-Meta-1.40-136.el6.x86_64
perl-Pod-Escapes-1.04-136.el6.x86_64
perl-Pod-Simple-3.13-136.el6.x86_64
perl-SGMLSpm-1.03ii-21.el6.noarch
perl-Term-UI-0.20-136.el6.x86_64
perl-Test-Harness-3.17-136.el6.x86_64
perl-Test-Simple-0.92-136.el6.x86_64
perl-Time-HiRes-1.9721-136.el6.x86_64
perl-Time-Piece-1.15-136.el6.x86_64
perl-URI-1.40-2.el6.noarch
perl-version-0.77-136.el6.x86_64
perl-XML-Dumper-0.81-8.el6.noarch
perl-XML-Grove-0.46alpha-40.el6.noarch
perl-XML-Parser-2.36-7.el6.x86_64
perl-XML-Twig-3.34-1.el6.noarch
phonon-backend-gstreamer-4.6.2-28.el6_5.x86_64
pinentry-0.7.6-6.el6.x86_64
pinentry-gtk-0.7.6-6.el6.x86_64
pinfo-0.6.9-12.el6.x86_64
pixman-0.32.4-4.el6.x86_64
pixman-devel-0.32.4-4.el6.x86_64
pkgconfig-0.23-9.1.el6.x86_64
plymouth-0.8.3-27.sl6.1.x86_64
plymouth-core-libs-0.8.3-27.sl6.1.x86_64
plymouth-gdm-hooks-0.8.3-27.sl6.1.x86_64
plymouth-graphics-libs-0.8.3-27.sl6.1.x86_64
plymouth-plugin-label-0.8.3-27.sl6.1.x86_64
plymouth-plugin-two-step-0.8.3-27.sl6.1.x86_64
plymouth-scripts-0.8.3-27.sl6.1.x86_64
plymouth-system-theme-0.8.3-27.sl6.1.noarch
plymouth-theme-rings-0.8.3-27.sl6.1.noarch
plymouth-utils-0.8.3-27.sl6.1.x86_64
pm-utils-1.2.5-11.el6.x86_64
pnm2ppa-1.04-19.el6.x86_64
policycoreutils-2.0.83-19.47.el6.x86_64
polkit-0.96-7.el6.x86_64
polkit-desktop-policy-0.96-7.el6.noarch
polkit-devel-0.96-7.el6.x86_64
polkit-docs-0.96-7.el6.x86_64
polkit-gnome-0.96-4.el6.x86_64
poppler-0.12.4-3.el6_0.1.x86_64
poppler-data-0.4.0-1.el6.noarch
poppler-glib-0.12.4-3.el6_0.1.x86_64
poppler-utils-0.12.4-3.el6_0.1.x86_64
popt-1.13-7.el6.x86_64
popt-devel-1.13-7.el6.x86_64
portreserve-0.0.4-9.el6.x86_64
postfix-2.6.6-6.el6_5.x86_64
postgresql-8.4.20-1.el6_5.x86_64
postgresql-devel-8.4.20-1.el6_5.x86_64
postgresql-libs-8.4.20-1.el6_5.x86_64
powertop-2.3-3.el6.x86_64
ppl-0.10.2-11.el6.x86_64
ppp-2.4.5-5.el6.x86_64
prelink-0.4.6-3.1.el6_4.x86_64
printer-filters-1.1-4.1.el6.noarch
procps-3.2.8-30.el6.x86_64
psacct-6.3.2-63.el6_3.3.x86_64
psmisc-22.6-19.el6_5.x86_64
psutils-1.17-34.el6.x86_64
pth-2.0.7-9.3.el6.x86_64
ptouch-driver-1.3-2.1.el6.x86_64
pulseaudio-0.9.21-17.el6.x86_64
pulseaudio-gdm-hooks-0.9.21-17.el6.x86_64
pulseaudio-libs-0.9.21-17.el6.x86_64
pulseaudio-libs-devel-0.9.21-17.el6.x86_64
pulseaudio-libs-glib2-0.9.21-17.el6.x86_64
pulseaudio-libs-zeroconf-0.9.21-17.el6.x86_64
pulseaudio-module-bluetooth-0.9.21-17.el6.x86_64
pulseaudio-module-gconf-0.9.21-17.el6.x86_64
pulseaudio-module-x11-0.9.21-17.el6.x86_64
pulseaudio-utils-0.9.21-17.el6.x86_64
pycairo-1.8.6-2.1.el6.x86_64
pycairo-devel-1.8.6-2.1.el6.x86_64
pygobject2-2.20.0-5.el6.x86_64
pygobject2-codegen-2.20.0-5.el6.x86_64
pygobject2-devel-2.20.0-5.el6.x86_64
pygobject2-doc-2.20.0-5.el6.x86_64
pygpgme-0.1-18.20090824bzr68.el6.x86_64
pygtk2-2.16.0-3.el6.x86_64
pygtk2-codegen-2.16.0-3.el6.x86_64
pygtk2-devel-2.16.0-3.el6.x86_64
pygtk2-doc-2.16.0-3.el6.noarch
pygtk2-libglade-2.16.0-3.el6.x86_64
pygtksourceview-2.8.0-1.el6.x86_64
pyOpenSSL-0.10-2.el6.x86_64
pyorbit-2.24.0-5.el6.x86_64
pytalloc-2.0.7-2.el6.x86_64
python-2.6.6-52.el6.x86_64
python-beaker-1.3.1-7.el6.noarch
python-crypto-2.0.1-22.el6.x86_64
python-dateutil-1.4.1-6.el6.noarch
python-decorator-3.0.1-3.1.el6.noarch
python-devel-2.6.6-52.el6.x86_64
python-enchant-1.3.1-5.2.el6.x86_64
python-ethtool-0.6-5.el6.x86_64
python-iniparse-0.3.1-2.1.el6.noarch
python-iwlib-0.1-1.2.el6.x86_64
python-kerberos-1.1-7.el6.x86_64
python-krbV-1.0.90-3.el6.x86_64
python-ldap-2.3.10-1.el6.x86_64
python-libs-2.6.6-52.el6.x86_64
python-lxml-2.2.3-1.1.el6.x86_64
python-magic-5.04-21.el6.x86_64
python-mako-0.3.4-1.el6.noarch
python-markupsafe-0.9.2-4.el6.x86_64
python-matplotlib-0.99.1.2-1.el6.x86_64
python-meh-0.12.1-3.el6.noarch
python-netaddr-0.7.5-4.el6.noarch
python-nose-0.10.4-3.1.el6.noarch
python-nss-0.13-1.el6.x86_64
python-paramiko-1.7.5-2.1.el6.noarch
python-pycurl-7.19.0-8.el6.x86_64
python-setuptools-0.6.10-3.el6.noarch
python-slip-0.2.20-1.el6_2.noarch
python-slip-dbus-0.2.20-1.el6_2.noarch
python-slip-gtk-0.2.20-1.el6_2.noarch
python-sssdconfig-1.11.6-30.el6.noarch
python-urlgrabber-3.9.1-9.el6.noarch
python-virtinst-0.600.0-24.el6.noarch
pytz-2010h-2.el6.noarch
pywebkitgtk-1.1.6-4.el6.x86_64
pyxdg-0.18-1.el6.noarch
pyxf86config-0.3.37-7.1.el6.x86_64
qdox-1.9.2-2.el6.noarch
qemu-img-0.12.1.2-2.445.el6.x86_64
qemu-kvm-0.12.1.2-2.445.el6.x86_64
ql2100-firmware-1.19.38-3.1.el6.noarch
ql2200-firmware-2.02.08-3.1.el6.noarch
ql23xx-firmware-3.03.27-3.1.el6.noarch
ql2400-firmware-7.00.01-1.el6.noarch
ql2500-firmware-7.00.01-1.el6.noarch
qt3-3.3.8b-30.el6.x86_64
qt3-devel-3.3.8b-30.el6.x86_64
qt-4.6.2-28.el6_5.x86_64
qt-devel-4.6.2-28.el6_5.x86_64
qt-sqlite-4.6.2-28.el6_5.x86_64
qt-x11-4.6.2-28.el6_5.x86_64
quota-3.17-21.el6_5.x86_64
R-3.1.1-7.el6.x86_64
radvd-1.6-1.el6.x86_64
rarian-0.8.1-5.1.el6.x86_64
rarian-compat-0.8.1-5.1.el6.x86_64
R-core-3.1.1-7.el6.x86_64
R-core-devel-3.1.1-7.el6.x86_64
rcs-5.7-37.el6.x86_64
rdate-1.4-16.el6.x86_64
R-devel-3.1.1-7.el6.x86_64
readahead-1.5.6-2.el6.x86_64
readline-6.0-4.el6.x86_64
readline-devel-6.0-4.el6.x86_64
redhat-logos-60.0.14-2.sl6.5.noarch
redhat-lsb-4.0-7.el6.x86_64
redhat-lsb-compat-4.0-7.el6.x86_64
redhat-lsb-core-4.0-7.el6.x86_64
redhat-lsb-graphics-4.0-7.el6.x86_64
redhat-lsb-printing-4.0-7.el6.x86_64
redhat-menus-14.0.0-3.el6.noarch
redhat-rpm-config-9.0.3-42.sl6.noarch
regexp-1.5-4.4.el6.x86_64
rfkill-0.3-4.el6.x86_64
rhino-1.7-0.7.r2.2.el6.noarch
rhythmbox-0.12.8-1.el6.x86_64
R-java-3.1.1-7.el6.x86_64
R-java-devel-3.1.1-7.el6.x86_64
rng-tools-2-13.el6_2.x86_64
rootfiles-8.1-6.1.el6.noarch
rpcbind-0.2.0-11.el6.x86_64
rpm-4.8.0-37.el6.x86_64
rpm-build-4.8.0-37.el6.x86_64
rpmdevtools-7.5-2.el6.noarch
rpm-libs-4.8.0-37.el6.x86_64
rpmlint-0.94-3.1.el6.noarch
rpm-python-4.8.0-37.el6.x86_64
rsync-3.0.6-12.el6.x86_64
rsyslog-5.8.10-9.el6_6.x86_64
rt61pci-firmware-1.2-7.el6.noarch
rt73usb-firmware-1.8-7.el6.noarch
rtkit-0.5-2.el6_4.x86_64
sac-1.3-5.1.el6.x86_64
samba4-libs-4.0.0-64.el6.rc4.x86_64
samba-client-3.6.23-12.el6.x86_64
samba-common-3.6.23-12.el6.x86_64
samba-winbind-3.6.23-12.el6.x86_64
samba-winbind-clients-3.6.23-12.el6.x86_64
sane-backends-1.0.21-3.el6.x86_64
sane-backends-libs-1.0.21-3.el6.x86_64
sane-backends-libs-gphoto2-1.0.21-3.el6.x86_64
sane-frontends-1.0.14-9.2.el6.x86_64
sat4j-2.2.0-4.0.el6.noarch
scenery-backgrounds-6.0.0-1.el6.noarch
scl-utils-20120927-11.el6_5.x86_64
screen-4.0.3-16.el6.x86_64
SDL-1.2.14-3.el6.x86_64
seabios-0.6.1.2-28.el6.x86_64
seahorse-2.28.1-4.el6.x86_64
sed-4.2.1-10.el6.x86_64
seekwatcher-0.12-5.el6.noarch
selinux-policy-3.7.19-260.el6.noarch
selinux-policy-targeted-3.7.19-260.el6.noarch
setserial-2.17-25.el6.x86_64
setup-2.8.14-20.el6_4.1.noarch
setuptool-1.19.9-4.el6.x86_64
sg3_utils-libs-1.28-6.el6.x86_64
sgabios-bin-0-0.3.20110621svn.el6.noarch
sgml-common-0.6.3-33.el6.noarch
sgpio-1.2.0.10-5.el6.x86_64
shadow-utils-4.1.4.2-19.el6.x86_64
shared-mime-info-0.70-6.el6.x86_64
sil-padauk-fonts-2.6.1-1.el6.noarch
sinjdoc-0.5-9.1.el6.x86_64
slang-2.2.1-1.el6.x86_64
slang-devel-2.2.1-1.el6.x86_64
sl-bookmarks-6-2.sl6.noarch
SL_desktop_tweaks-6-3.noarch
slf4j-1.5.8-8.el6.noarch
sl-indexhtml-6-6.5.sl6.1.noarch
sl-release-6.6-1.x86_64
sl-release-notes-6.6-1.sl6.noarch
smartmontools-5.43-1.el6.x86_64
smc-fonts-common-04.2-11.el6.noarch
smc-meera-fonts-04.2-11.el6.noarch
smp_utils-0.94-4.el6.x86_64
snappy-1.1.0-1.el6.x86_64
sos-2.2-68.el6.noarch
sound-juicer-2.28.1-6.el6.x86_64
sound-theme-freedesktop-0.7-3.el6.noarch
speex-1.2-0.12.rc1.1.el6.x86_64
spice-glib-0.22-7.el6.x86_64
spice-gtk-0.22-7.el6.x86_64
spice-gtk-python-0.22-7.el6.x86_64
spice-server-0.12.4-11.el6.x86_64
spice-vdagent-0.14.0-4.el6.x86_64
sqlite-3.6.20-1.el6.x86_64
sqlite-devel-3.6.20-1.el6.x86_64
sssd-client-1.11.6-30.el6.x86_64
startup-notification-0.10-2.1.el6.x86_64
startup-notification-devel-0.10-2.1.el6.x86_64
stix-fonts-0.9-13.1.el6.noarch
strace-4.5.19-1.19.el6.x86_64
subversion-1.6.11-10.el6_5.x86_64
subversion-javahl-1.6.11-10.el6_5.x86_64
sudo-1.8.6p3-15.el6.x86_64
svnkit-1.3.0-3.el6.x86_64
swig-1.3.40-6.el6.x86_64
sysstat-9.0.4-27.el6.x86_64
system-config-date-1.9.60-2.el6.noarch
system-config-date-docs-1.0.11-1.el6.noarch
system-config-firewall-1.2.27-7.1.el6.noarch
system-config-firewall-base-1.2.27-7.1.el6.noarch
system-config-firewall-tui-1.2.27-7.1.el6.noarch
system-config-kdump-2.0.5-18.el6.noarch
system-config-keyboard-1.3.1-6.el6.x86_64
system-config-keyboard-base-1.3.1-6.el6.x86_64
system-config-network-tui-1.6.0.el6.2-1.el6.noarch
system-config-printer-1.1.16-23.el6.x86_64
system-config-printer-libs-1.1.16-23.el6.x86_64
system-config-printer-udev-1.1.16-23.el6.x86_64
system-config-services-0.99.45-1.el6.3.noarch
system-config-services-docs-1.1.8-1.el6.noarch
system-config-users-1.2.106-7.el6.noarch
system-config-users-docs-1.0.8-2.el6.noarch
system-gnome-theme-60.0.2-1.el6.noarch
system-icon-theme-6.0.0-2.el6.noarch
system-setup-keyboard-0.7-4.el6.x86_64
systemtap-2.5-5.el6.x86_64
systemtap-client-2.5-5.el6.x86_64
systemtap-devel-2.5-5.el6.x86_64
systemtap-runtime-2.5-5.el6.x86_64
sysvinit-tools-2.87-5.dsf.el6.x86_64
taglib-1.6.1-1.1.el6.x86_64
tar-1.23-11.el6.x86_64
tcl-8.5.7-6.el6.x86_64
tcl-devel-8.5.7-6.el6.x86_64
tcpdump-4.0.0-3.20090921gitdf3cb4.2.el6.x86_64
tcp_wrappers-7.6-57.el6.x86_64
tcp_wrappers-libs-7.6-57.el6.x86_64
tcsh-6.17-24.el6.x86_64
tex-cm-lgc-0.5-17.1.el6.noarch
texinfo-4.13a-8.el6.x86_64
texinfo-tex-4.13a-8.el6.x86_64
texlive-2007-57.el6_2.x86_64
texlive-dvips-2007-57.el6_2.x86_64
texlive-latex-2007-57.el6_2.x86_64
texlive-texmf-2007-38.el6.noarch
texlive-texmf-dvips-2007-38.el6.noarch
texlive-texmf-errata-2007-7.1.el6.noarch
texlive-texmf-errata-dvips-2007-7.1.el6.noarch
texlive-texmf-errata-fonts-2007-7.1.el6.noarch
texlive-texmf-errata-latex-2007-7.1.el6.noarch
texlive-texmf-fonts-2007-38.el6.noarch
texlive-texmf-latex-2007-38.el6.noarch
texlive-utils-2007-57.el6_2.x86_64
tex-preview-11.85-10.el6.noarch
thai-scalable-fonts-common-0.4.12-2.1.el6.noarch
thai-scalable-waree-fonts-0.4.12-2.1.el6.noarch
theora-tools-1.1.0-2.el6.x86_64
tibetan-machine-uni-fonts-1.901-5.el6.noarch
time-1.7-37.1.el6.x86_64
tk-8.5.7-5.el6.x86_64
tk-devel-8.5.7-5.el6.x86_64
tmpwatch-2.9.16-4.el6.x86_64
totem-2.28.6-4.el6.x86_64
totem-mozplugin-2.28.6-4.el6.x86_64
totem-nautilus-2.28.6-4.el6.x86_64
totem-pl-parser-2.28.3-1.el6.x86_64
trace-cmd-1.0.5-11.el6.x86_64
traceroute-2.0.14-2.el6.x86_64
trilead-ssh2-213-6.2.el6.noarch
ttmkfdir-3.0.9-32.1.el6.x86_64
tzdata-2014h-1.el6.noarch
tzdata-java-2014h-1.el6.noarch
udev-147-2.57.el6.x86_64
udisks-1.0.1-7.el6_5.x86_64
un-core-dotum-fonts-1.0.2-0.15.080608.el6.noarch
un-core-fonts-common-1.0.2-0.15.080608.el6.noarch
unique-1.1.4-2.el6.x86_64
unzip-6.0-1.el6.x86_64
upstart-0.6.5-13.el6_5.3.x86_64
urw-fonts-2.4-10.el6.noarch
usbmuxd-1.0.2-1.el6.x86_64
usbredir-0.5.1-1.el6.x86_64
usbutils-003-4.el6.x86_64
usermode-1.102-3.el6.x86_64
usermode-gtk-1.102-3.el6.x86_64
ustr-1.0.4-9.1.el6.x86_64
util-linux-ng-2.17.2-12.18.el6.x86_64
valgrind-3.8.1-3.7.el6.x86_64
vconfig-1.9-8.1.el6.x86_64
vgabios-0.6b-3.7.el6.noarch
vim-common-7.2.411-1.8.el6.x86_64
vim-enhanced-7.2.411-1.8.el6.x86_64
vim-minimal-7.2.411-1.8.el6.x86_64
vino-2.28.1-9.el6_4.x86_64
virt-manager-0.9.0-28.el6.x86_64
virt-top-1.0.4-3.15.el6.x86_64
virt-viewer-0.6.0-11.el6.x86_64
virt-what-1.11-1.2.el6.x86_64
vlgothic-fonts-20091202-2.el6.noarch
vlgothic-fonts-common-20091202-2.el6.noarch
vorbis-tools-1.2.0-7.el6.x86_64
vte-0.25.1-9.el6.x86_64
wacomexpresskeys-0.4.2-3.el6.x86_64
wavpack-4.60-1.1.el6.x86_64
wdaemon-0.17-5.el6.x86_64
webkitgtk-1.4.3-8.el6.x86_64
wget-1.12-5.el6_6.1.x86_64
which-2.19-6.el6.x86_64
wireless-tools-29-5.1.1.el6.x86_64
wodim-1.1.9-12.el6.x86_64
words-3.0-17.el6.noarch
wpa_supplicant-0.7.3-4.el6_3.x86_64
wqy-zenhei-fonts-0.9.45-3.el6.noarch
ws-commons-util-1.0.1-13.el6.noarch
wsdl4j-1.5.2-7.8.el6.noarch
ws-jaxme-0.5.1-4.6.el6.noarch
xalan-j2-2.7.0-9.9.el6_5.noarch
xcb-util-0.3.6-5.el6.x86_64
xdg-user-dirs-0.12-4.el6.x86_64
xdg-user-dirs-gtk-0.8-7.el6.x86_64
xdg-utils-1.0.2-17.20091016cvs.el6.noarch
xerces-j2-2.7.1-12.7.el6_5.x86_64
xfsdump-3.0.4-4.el6.x86_64
xfsprogs-3.1.1-16.el6.x86_64
xkeyboard-config-2.11-1.el6.noarch
xml-common-0.6.3-33.el6.noarch
xml-commons-apis-1.3.04-3.6.el6.x86_64
xml-commons-resolver-1.1-4.18.el6.x86_64
xmldb-api-0.1-0.4.20011111cvs.1.5.el6.noarch
xmldb-api-sdk-0.1-0.4.20011111cvs.1.5.el6.noarch
xmlgraphics-commons-1.3.1-1.1.el6.noarch
xmlrpc3-client-3.0-4.15.el6.noarch
xmlrpc3-common-3.0-4.15.el6.noarch
xmlrpc-c-1.16.24-1210.1840.el6.x86_64
xmlrpc-c-client-1.16.24-1210.1840.el6.x86_64
xmlto-0.0.23-3.el6.x86_64
xorg-x11-docs-1.3-6.1.el6.noarch
xorg-x11-drivers-7.3-13.4.el6.x86_64
xorg-x11-drv-acecad-1.5.0-7.el6.x86_64
xorg-x11-drv-aiptek-1.4.1-5.el6.x86_64
xorg-x11-drv-apm-1.2.5-10.el6.x86_64
xorg-x11-drv-ast-0.98.0-1.el6.x86_64
xorg-x11-drv-ati-7.3.99-2.el6.x86_64
xorg-x11-drv-ati-firmware-7.1.0-3.el6.noarch
xorg-x11-drv-cirrus-1.5.2-2.el6.x86_64
xorg-x11-drv-dummy-0.3.6-15.el6.x86_64
xorg-x11-drv-elographics-1.4.1-3.el6.x86_64
xorg-x11-drv-evdev-2.8.2-4.el6.x86_64
xorg-x11-drv-fbdev-0.4.3-16.el6.x86_64
xorg-x11-drv-fpit-1.4.0-6.el6.x86_64
xorg-x11-drv-glint-1.2.8-10.el6.x86_64
xorg-x11-drv-hyperpen-1.4.1-5.el6.x86_64
xorg-x11-drv-i128-1.3.6-10.el6.x86_64
xorg-x11-drv-i740-1.3.4-11.el6.x86_64
xorg-x11-drv-intel-2.99.911-6.el6.x86_64
xorg-x11-drv-keyboard-1.8.0-1.el6.x86_64
xorg-x11-drv-mach64-6.9.4-8.el6.x86_64
xorg-x11-drv-mga-1.6.3-5.el6.x86_64
xorg-x11-drv-modesetting-0.8.0-14.el6.x86_64
xorg-x11-drv-mouse-1.9.0-1.el6.x86_64
xorg-x11-drv-mutouch-1.3.0-5.el6.x86_64
xorg-x11-drv-nouveau-1.0.10-1.el6.x86_64
xorg-x11-drv-nv-2.1.20-5.el6.x86_64
xorg-x11-drv-openchrome-0.3.3-6.el6.x86_64
xorg-x11-drv-penmount-1.5.0-5.el6.x86_64
xorg-x11-drv-qxl-0.1.1-15.el6.x86_64
xorg-x11-drv-r128-6.9.1-8.el6.x86_64
xorg-x11-drv-rendition-4.2.5-10.el6.x86_64
xorg-x11-drv-s3virge-1.10.6-10.el6.x86_64
xorg-x11-drv-savage-2.3.7-2.el6.x86_64
xorg-x11-drv-siliconmotion-1.7.7-9.el6.x86_64
xorg-x11-drv-sis-0.10.7-10.el6.x86_64
xorg-x11-drv-sisusb-0.9.6-10.el6.x86_64
xorg-x11-drv-synaptics-1.7.6-1.el6.x86_64
xorg-x11-drv-tdfx-1.4.5-10.el6.x86_64
xorg-x11-drv-trident-1.3.6-10.el6.x86_64
xorg-x11-drv-v4l-0.2.0-36.el6.x86_64
xorg-x11-drv-vesa-2.3.2-15.el6.x86_64
xorg-x11-drv-vmmouse-13.0.0-2.el6.x86_64
xorg-x11-drv-vmware-13.0.1-9.el6.x86_64
xorg-x11-drv-void-1.4.0-23.el6.x86_64
xorg-x11-drv-voodoo-1.2.5-10.el6.x86_64
xorg-x11-drv-wacom-0.23.0-4.el6.x86_64
xorg-x11-drv-xgi-1.6.0-20.20121114git.el6.x86_64
xorg-x11-fonts-100dpi-7.2-9.1.el6.noarch
xorg-x11-fonts-ISO8859-1-100dpi-7.2-9.1.el6.noarch
xorg-x11-fonts-misc-7.2-9.1.el6.noarch
xorg-x11-fonts-Type1-7.2-9.1.el6.noarch
xorg-x11-font-utils-7.2-11.el6.x86_64
xorg-x11-glamor-0.6.0-5.20140506gitf78901e.el6.x86_64
xorg-x11-proto-devel-7.7-9.el6.noarch
xorg-x11-server-common-1.15.0-22.sl6.x86_64
xorg-x11-server-utils-7.7-2.el6.x86_64
xorg-x11-server-Xorg-1.15.0-22.sl6.x86_64
xorg-x11-utils-7.5-6.el6.x86_64
xorg-x11-xauth-1.0.2-7.1.el6.x86_64
xorg-x11-xinit-1.0.9-14.el6.x86_64
xorg-x11-xkb-utils-7.7-4.el6.x86_64
xsane-0.997-8.el6.x86_64
xsane-common-0.997-8.el6.x86_64
xsane-gimp-0.997-8.el6.x86_64
xulrunner-17.0.10-1.el6_4.x86_64
xvattr-1.3-18.el6.x86_64
xz-4.999.9-0.5.beta.20091007git.el6.x86_64
xz-devel-4.999.9-0.5.beta.20091007git.el6.x86_64
xz-libs-4.999.9-0.5.beta.20091007git.el6.x86_64
xz-lzma-compat-4.999.9-0.5.beta.20091007git.el6.x86_64
yajl-1.0.7-3.el6.x86_64
yelp-2.28.1-17.el6_3.x86_64
ypbind-1.20.4-30.el6.x86_64
yp-tools-2.9-12.el6.x86_64
yum-3.2.29-60.el6.noarch
yum-autoupdate-2-6.3.noarch
yum-conf-sl6x-1-2.noarch
yum-conf-sl-other-6-4.1.noarch
yum-metadata-parser-1.1.2-16.el6.x86_64
yum-plugin-auto-update-debug-info-1.1.30-30.el6.noarch
yum-plugin-security-1.1.30-30.el6.noarch
yum-utils-1.1.30-30.el6.noarch
zd1211-firmware-1.4-4.el6.noarch
zenity-2.28.0-1.el6.x86_64
zip-3.0-1.el6.x86_64
zlib-1.2.3-29.el6.x86_64
zlib-devel-1.2.3-29.el6.x86_64
